{"uuid":"1543dc8f-0608-495c-8e1f-b8d279c0f7ad","historyId":"599c3e50e1814d60d181e0f2d19b7cd3","fullName":"Page_Test.Refer_a_friend_and_Contact_us_test.TC049_Verify_youTube_in_Contact_us_page","labels":[{"name":"package","value":"Page_Test.Refer_a_friend_and_Contact_us_test"},{"name":"testClass","value":"Page_Test.Refer_a_friend_and_Contact_us_test"},{"name":"testMethod","value":"TC049_Verify_youTube_in_Contact_us_page"},{"name":"parentSuite","value":"Hero_App"},{"name":"suite","value":"All test class"},{"name":"subSuite","value":"Page_Test.Refer_a_friend_and_Contact_us_test"},{"name":"host","value":"DESKTOP-DC5U0BQ"},{"name":"thread","value":"19564@DESKTOP-DC5U0BQ.main(1)"},{"name":"framework","value":"testng"},{"name":"language","value":"java"}],"links":[],"name":"TC049_Verify_youTube_in_Contact_us_page","status":"broken","statusDetails":{"known":false,"muted":false,"flaky":false,"message":"Unable to parse: ","trace":"org.openqa.selenium.json.JsonException: Unable to parse: \r\n\tat org.openqa.selenium.json.Json.toType(Json.java:57)\r\n\tat org.openqa.selenium.json.Json.toType(Json.java:50)\r\n\tat org.openqa.selenium.remote.codec.w3c.W3CHttpResponseCodec.decode(W3CHttpResponseCodec.java:99)\r\n\tat org.openqa.selenium.remote.codec.w3c.W3CHttpResponseCodec.decode(W3CHttpResponseCodec.java:53)\r\n\tat org.openqa.selenium.remote.HttpCommandExecutor.execute(HttpCommandExecutor.java:184)\r\n\tat io.appium.java_client.remote.AppiumCommandExecutor.execute(AppiumCommandExecutor.java:262)\r\n\tat org.openqa.selenium.remote.RemoteWebDriver.execute(RemoteWebDriver.java:543)\r\n\tat org.openqa.selenium.remote.ElementLocation$ElementFinder$2.findElements(ElementLocation.java:179)\r\n\tat org.openqa.selenium.remote.ElementLocation.findElements(ElementLocation.java:102)\r\n\tat org.openqa.selenium.remote.RemoteWebDriver.findElements(RemoteWebDriver.java:367)\r\n\tat org.openqa.selenium.remote.RemoteWebDriver.findElements(RemoteWebDriver.java:359)\r\n\tat org.openqa.selenium.support.pagefactory.DefaultElementLocator.findElements(DefaultElementLocator.java:87)\r\n\tat org.openqa.selenium.support.pagefactory.internal.LocatingElementListHandler.invoke(LocatingElementListHandler.java:37)\r\n\tat jdk.proxy2/jdk.proxy2.$Proxy34.get(Unknown Source)\r\n\tat com.page_object.Refer_a_friend_and_Contact_us.youTube(Refer_a_friend_and_Contact_us.java:256)\r\n\tat Page_Test.Refer_a_friend_and_Contact_us_test.TC049_Verify_youTube_in_Contact_us_page(Refer_a_friend_and_Contact_us_test.java:117)\r\n\tat java.base/jdk.internal.reflect.DirectMethodHandleAccessor.invoke(DirectMethodHandleAccessor.java:104)\r\n\tat java.base/java.lang.reflect.Method.invoke(Method.java:578)\r\n\tat org.testng.internal.invokers.MethodInvocationHelper.invokeMethod(MethodInvocationHelper.java:139)\r\n\tat org.testng.internal.invokers.TestInvoker.invokeMethod(TestInvoker.java:664)\r\n\tat org.testng.internal.invokers.TestInvoker.invokeTestMethod(TestInvoker.java:227)\r\n\tat org.testng.internal.invokers.MethodRunner.runInSequence(MethodRunner.java:50)\r\n\tat org.testng.internal.invokers.TestInvoker$MethodInvocationAgent.invoke(TestInvoker.java:957)\r\n\tat org.testng.internal.invokers.TestInvoker.invokeTestMethods(TestInvoker.java:200)\r\n\tat org.testng.internal.invokers.TestMethodWorker.invokeTestMethods(TestMethodWorker.java:148)\r\n\tat org.testng.internal.invokers.TestMethodWorker.run(TestMethodWorker.java:128)\r\n\tat java.base/java.util.ArrayList.forEach(ArrayList.java:1511)\r\n\tat org.testng.TestRunner.privateRun(TestRunner.java:848)\r\n\tat org.testng.TestRunner.run(TestRunner.java:621)\r\n\tat org.testng.SuiteRunner.runTest(SuiteRunner.java:443)\r\n\tat org.testng.SuiteRunner.runSequentially(SuiteRunner.java:437)\r\n\tat org.testng.SuiteRunner.privateRun(SuiteRunner.java:397)\r\n\tat org.testng.SuiteRunner.run(SuiteRunner.java:336)\r\n\tat org.testng.SuiteRunnerWorker.runSuite(SuiteRunnerWorker.java:52)\r\n\tat org.testng.SuiteRunnerWorker.run(SuiteRunnerWorker.java:95)\r\n\tat org.testng.TestNG.runSuitesSequentially(TestNG.java:1280)\r\n\tat org.testng.TestNG.runSuitesLocally(TestNG.java:1200)\r\n\tat org.testng.TestNG.runSuites(TestNG.java:1114)\r\n\tat org.testng.TestNG.run(TestNG.java:1082)\r\n\tat org.testng.remote.AbstractRemoteTestNG.run(AbstractRemoteTestNG.java:115)\r\n\tat org.testng.remote.RemoteTestNG.initAndRun(RemoteTestNG.java:251)\r\n\tat org.testng.remote.RemoteTestNG.main(RemoteTestNG.java:77)\r\nCaused by: org.openqa.selenium.json.JsonException: Expected to read a START_MAP but instead have: END. Last 0 characters read: \nBuild info: version: '4.8.1', revision: '8ebccac989'\nSystem info: os.name: 'Windows 11', os.arch: 'amd64', os.version: '10.0', java.version: '19.0.1'\nDriver info: driver.version: RemoteWebDriver\r\n\tat org.openqa.selenium.json.JsonInput.expect(JsonInput.java:307)\r\n\tat org.openqa.selenium.json.JsonInput.beginObject(JsonInput.java:229)\r\n\tat org.openqa.selenium.json.MapCoercer.lambda$apply$1(MapCoercer.java:64)\r\n\tat org.openqa.selenium.json.JsonTypeCoercer.lambda$buildCoercer$6(JsonTypeCoercer.java:145)\r\n\tat org.openqa.selenium.json.JsonTypeCoercer.coerce(JsonTypeCoercer.java:127)\r\n\tat org.openqa.selenium.json.Json.toType(Json.java:71)\r\n\tat org.openqa.selenium.json.Json.toType(Json.java:55)\r\n\t... 41 more\r\n"},"stage":"finished","steps":[],"attachments":[],"parameters":[],"start":1699249882299,"stop":1699249882374}