<!DOCTYPE html PUBLIC "-//W3C//DTD XHTML 1.1//EN" "https://www.w3.org/TR/xhtml11/DTD/xhtml11.dtd">
<html xmlns="https://www.w3.org/1999/xhtml">
<head>
<meta http-equiv="content-type" content="text/html; charset=UTF-8"/>
<title>TestNG Report</title>
<style type="text/css">table {margin-bottom:10px;border-collapse:collapse;empty-cells:show}th,td {border:1px solid #009;padding:.25em .5em}th {vertical-align:bottom}td {vertical-align:top}table a {font-weight:bold}.stripe td {background-color: #E6EBF9}.num {text-align:right}.passedodd td {background-color: #3F3}.passedeven td {background-color: #0A0}.skippedodd td {background-color: #DDD}.skippedeven td {background-color: #CCC}.failedodd td,.attn {background-color: #F33}.failedeven td,.stripe .attn {background-color: #D00}.stacktrace {white-space:pre;font-family:monospace}.totop {font-size:85%;text-align:center;border-bottom:2px solid #000}.invisible {display:none}</style>
</head>
<body>
<table>
<tr><th>Test</th><th># Passed</th><th># Skipped</th><th># Retried</th><th># Failed</th><th>Time (ms)</th><th>Included Groups</th><th>Excluded Groups</th></tr>
<tr><th colspan="8">Hero_App</th></tr>
<tr><td><a href="#t0">Login_page</a></td><td class="num">3</td><td class="num">0</td><td class="num">0</td><td class="num">0</td><td class="num">169,276</td><td></td><td></td></tr>
<tr class="stripe"><td><a href="#t1">Select_Vehicle_Page</a></td><td class="num">0</td><td class="num">0</td><td class="num">0</td><td class="num attn">2</td><td class="num">221,697</td><td></td><td></td></tr>
<tr><td><a href="#t2">Home_Page_Test</a></td><td class="num">0</td><td class="num">0</td><td class="num">0</td><td class="num attn">6</td><td class="num">369,205</td><td></td><td></td></tr>
<tr class="stripe"><td><a href="#t3">My_Profile_Page_Test</a></td><td class="num">0</td><td class="num">0</td><td class="num">0</td><td class="num attn">1</td><td class="num">130,086</td><td></td><td></td></tr>
<tr><th>Total</th><th class="num">3</th><th class="num">0</th><th class="num">0</th><th class="num attn">9</th><th class="num">890,264</th><th colspan="2"></th></tr>
</table>
<table id='summary'><thead><tr><th>Class</th><th>Method</th><th>Start</th><th>Time (ms)</th></tr></thead><tbody><tr><th colspan="4">Hero_App</th></tr></tbody><tbody id="t0"><tr><th colspan="4">Login_page &#8212; passed</th></tr><tr class="passedeven"><td rowspan="3">Page_Test.Login_Page_Test</td><td><a href="#m0">TC001_Verify_Login_with_Invalid_credential</a></td><td rowspan="1">1685550601019</td><td rowspan="1">13705</td></tr><tr class="passedeven"><td><a href="#m1">TC002_Verify_Login_with_short_length_of_mobile_number_credential</a></td><td rowspan="1">1685550614728</td><td rowspan="1">36077</td></tr><tr class="passedeven"><td><a href="#m2">TC003_Verify_Login_with_valid_credential</a></td><td rowspan="1">1685550650807</td><td rowspan="1">99778</td></tr></tbody>
<tbody id="t1"><tr><th colspan="4">Select_Vehicle_Page &#8212; failed</th></tr><tr class="failedeven"><td rowspan="2">Page_Test.Select_Vehicle_Page_Test</td><td><a href="#m3">TC004_verify_Nick_Name</a></td><td rowspan="1">1685550771810</td><td rowspan="1">159930</td></tr><tr class="failedeven"><td><a href="#m4">TC005_Select_Vehicle</a></td><td rowspan="1">1685550932286</td><td rowspan="1">40028</td></tr></tbody>
<tbody id="t2"><tr><th colspan="4">Home_Page_Test &#8212; failed</th></tr><tr class="failedeven"><td rowspan="6">Page_Test.Home_Page_Test</td><td><a href="#m5">TC006_Home_page_verify</a></td><td rowspan="1">1685550992132</td><td rowspan="1">143562</td></tr><tr class="failedeven"><td><a href="#m6">TC008_Verify_Documents</a></td><td rowspan="1">1685551136422</td><td rowspan="1">40024</td></tr><tr class="failedeven"><td><a href="#m7">TC009_Verify_Relationship_Manager</a></td><td rowspan="1">1685551177051</td><td rowspan="1">42070</td></tr><tr class="failedeven"><td><a href="#m8">TC010_Verify_RSA</a></td><td rowspan="1">1685551219683</td><td rowspan="1">40131</td></tr><tr class="failedeven"><td><a href="#m9">TC011_Verify_Technical_Support_Manager</a></td><td rowspan="1">1685551260494</td><td rowspan="1">40537</td></tr><tr class="failedeven"><td><a href="#m10">TC012_Verify_Dealer_Locator</a></td><td rowspan="1">1685551301666</td><td rowspan="1">40103</td></tr></tbody>
<tbody id="t3"><tr><th colspan="4">My_Profile_Page_Test &#8212; failed</th></tr><tr class="failedeven"><td rowspan="1">Page_Test.My_Profile_Page_Test</td><td><a href="#m11">TC013_Verify_My_Profile</a></td><td rowspan="1">1685551361298</td><td rowspan="1">110712</td></tr></tbody>
</table>
<h2>Login_page</h2><h3 id="m0">Page_Test.Login_Page_Test#TC001_Verify_Login_with_Invalid_credential</h3><table class="result"><tr><th class="invisible"/></tr></table><p class="totop"><a href="#summary">back to summary</a></p>
<h3 id="m1">Page_Test.Login_Page_Test#TC002_Verify_Login_with_short_length_of_mobile_number_credential</h3><table class="result"><tr><th class="invisible"/></tr></table><p class="totop"><a href="#summary">back to summary</a></p>
<h3 id="m2">Page_Test.Login_Page_Test#TC003_Verify_Login_with_valid_credential</h3><table class="result"><tr><th class="invisible"/></tr></table><p class="totop"><a href="#summary">back to summary</a></p>
<h2>Select_Vehicle_Page</h2><h3 id="m3">Page_Test.Select_Vehicle_Page_Test#TC004_verify_Nick_Name</h3><table class="result"><tr><th>Exception</th></tr><tr><td><div class="stacktrace">java.lang.NullPointerException: Cannot invoke &quot;org.testng.ITestResult.getStatus()&quot; because &quot;result&quot; is null
	at com.utility.listner.onTestFailure(listner.java:38)
	at com.utility.Base_Utility.Custom_click(Base_Utility.java:247)
	at Page_Test.Select_Vehicle_Page_Test.TC004_verify_Nick_Name(Select_Vehicle_Page_Test.java:28)
	at java.base/java.util.ArrayList.forEach(ArrayList.java:1511)
... Removed 25 stack frames</div></td></tr></table><p class="totop"><a href="#summary">back to summary</a></p>
<h3 id="m4">Page_Test.Select_Vehicle_Page_Test#TC005_Select_Vehicle</h3><table class="result"><tr><th>Exception</th></tr><tr><td><div class="stacktrace">java.lang.NullPointerException: Cannot invoke &quot;org.testng.ITestResult.getStatus()&quot; because &quot;result&quot; is null
	at com.utility.listner.onTestFailure(listner.java:38)
	at com.utility.Base_Utility.VerifyElementPresent(Base_Utility.java:338)
	at Page_Test.Select_Vehicle_Page_Test.TC005_Select_Vehicle(Select_Vehicle_Page_Test.java:86)
	at java.base/java.util.ArrayList.forEach(ArrayList.java:1511)
... Removed 25 stack frames</div></td></tr></table><p class="totop"><a href="#summary">back to summary</a></p>
<h2>Home_Page_Test</h2><h3 id="m5">Page_Test.Home_Page_Test#TC006_Home_page_verify</h3><table class="result"><tr><th>Exception</th></tr><tr><td><div class="stacktrace">org.openqa.selenium.NoSuchElementException: An element could not be located on the page using the given search parameters.
For documentation on this error, please visit: https://selenium.dev/exceptions/#no_such_element
Build info: version: &apos;4.6.0&apos;, revision: &apos;79f1c02ae20&apos;
System info: os.name: &apos;Windows 11&apos;, os.arch: &apos;amd64&apos;, os.version: &apos;10.0&apos;, java.version: &apos;19.0.1&apos;
Driver info: io.appium.java_client.android.AndroidDriver
Command: [33dcfece-d304-428d-8507-5169a4600b55, findElement {using=xpath, value=//android.widget.TextView[@resource-id =&apos;com.customerapp.hero:id/weather_lbl&apos;]}]
Capabilities {appium:app: C:\Users\Welcome\Documents\..., appium:appPackage: com.customerapp.hero, appium:automationName: uiautomator2, appium:avdLaunchTimeout: 600000, appium:databaseEnabled: false, appium:desired: {app: C:\Users\Welcome\Documents\..., automationName: uiautomator2, avdLaunchTimeout: 600000, deviceName: Pixel_6_API_31, platformName: android, udid: emulator-5554}, appium:deviceApiLevel: 31, appium:deviceManufacturer: Google, appium:deviceModel: sdk_gphone64_x86_64, appium:deviceName: emulator-5554, appium:deviceScreenDensity: 420, appium:deviceScreenSize: 1080x2400, appium:deviceUDID: emulator-5554, appium:javascriptEnabled: true, appium:locationContextEnabled: false, appium:networkConnectionEnabled: true, appium:pixelRatio: 2.625, appium:platformVersion: 12, appium:statBarHeight: 63, appium:takesScreenshot: true, appium:udid: emulator-5554, appium:viewportRect: {height: 2211, left: 0, top: 63, width: 1080}, appium:warnings: {}, appium:webStorageEnabled: false, platformName: ANDROID}
Session ID: 33dcfece-d304-428d-8507-5169a4600b55
	at org.openqa.selenium.remote.codec.w3c.W3CHttpResponseCodec.createException(W3CHttpResponseCodec.java:200)
	at org.openqa.selenium.remote.codec.w3c.W3CHttpResponseCodec.decode(W3CHttpResponseCodec.java:133)
	at org.openqa.selenium.remote.codec.w3c.W3CHttpResponseCodec.decode(W3CHttpResponseCodec.java:53)
	at org.openqa.selenium.remote.HttpCommandExecutor.execute(HttpCommandExecutor.java:184)
	at io.appium.java_client.remote.AppiumCommandExecutor.execute(AppiumCommandExecutor.java:262)
	at org.openqa.selenium.remote.RemoteWebDriver.execute(RemoteWebDriver.java:541)
	at org.openqa.selenium.remote.ElementLocation$ElementFinder$2.findElement(ElementLocation.java:162)
	at org.openqa.selenium.remote.ElementLocation.findElement(ElementLocation.java:60)
	at org.openqa.selenium.remote.RemoteWebDriver.findElement(RemoteWebDriver.java:365)
	at org.openqa.selenium.remote.RemoteWebDriver.findElement(RemoteWebDriver.java:357)
	at org.openqa.selenium.support.pagefactory.DefaultElementLocator.findElement(DefaultElementLocator.java:70)
	at org.openqa.selenium.support.pagefactory.internal.LocatingElementHandler.invoke(LocatingElementHandler.java:39)
	at jdk.proxy2/jdk.proxy2.$Proxy32.getText(Unknown Source)
	at Page_Test.Home_Page_Test.TC006_Home_page_verify(Home_Page_Test.java:26)
	at java.base/java.util.ArrayList.forEach(ArrayList.java:1511)
... Removed 28 stack frames</div></td></tr></table><p class="totop"><a href="#summary">back to summary</a></p>
<h3 id="m6">Page_Test.Home_Page_Test#TC008_Verify_Documents</h3><table class="result"><tr><th>Exception</th></tr><tr><td><div class="stacktrace">java.lang.NullPointerException: Cannot invoke &quot;org.testng.ITestResult.getStatus()&quot; because &quot;result&quot; is null
	at com.utility.listner.onTestFailure(listner.java:38)
	at com.utility.Base_Utility.Custom_click(Base_Utility.java:247)
	at Page_Test.Home_Page_Test.TC008_Verify_Documents(Home_Page_Test.java:60)
	at java.base/java.util.ArrayList.forEach(ArrayList.java:1511)
... Removed 25 stack frames</div></td></tr></table><p class="totop"><a href="#summary">back to summary</a></p>
<h3 id="m7">Page_Test.Home_Page_Test#TC009_Verify_Relationship_Manager</h3><table class="result"><tr><th>Exception</th></tr><tr><td><div class="stacktrace">java.lang.NullPointerException: Cannot invoke &quot;org.testng.ITestResult.getStatus()&quot; because &quot;result&quot; is null
	at com.utility.listner.onTestFailure(listner.java:38)
	at com.utility.Base_Utility.Custom_click(Base_Utility.java:247)
	at Page_Test.Home_Page_Test.TC009_Verify_Relationship_Manager(Home_Page_Test.java:71)
	at java.base/java.util.ArrayList.forEach(ArrayList.java:1511)
... Removed 25 stack frames</div></td></tr></table><p class="totop"><a href="#summary">back to summary</a></p>
<h3 id="m8">Page_Test.Home_Page_Test#TC010_Verify_RSA</h3><table class="result"><tr><th>Exception</th></tr><tr><td><div class="stacktrace">java.lang.NullPointerException: Cannot invoke &quot;org.testng.ITestResult.getStatus()&quot; because &quot;result&quot; is null
	at com.utility.listner.onTestFailure(listner.java:38)
	at com.utility.Base_Utility.Custom_click(Base_Utility.java:247)
	at Page_Test.Home_Page_Test.TC010_Verify_RSA(Home_Page_Test.java:83)
	at java.base/java.util.ArrayList.forEach(ArrayList.java:1511)
... Removed 25 stack frames</div></td></tr></table><p class="totop"><a href="#summary">back to summary</a></p>
<h3 id="m9">Page_Test.Home_Page_Test#TC011_Verify_Technical_Support_Manager</h3><table class="result"><tr><th>Exception</th></tr><tr><td><div class="stacktrace">java.lang.NullPointerException: Cannot invoke &quot;org.testng.ITestResult.getStatus()&quot; because &quot;result&quot; is null
	at com.utility.listner.onTestFailure(listner.java:38)
	at com.utility.Base_Utility.Custom_click(Base_Utility.java:247)
	at Page_Test.Home_Page_Test.TC011_Verify_Technical_Support_Manager(Home_Page_Test.java:90)
	at java.base/java.util.ArrayList.forEach(ArrayList.java:1511)
... Removed 25 stack frames</div></td></tr></table><p class="totop"><a href="#summary">back to summary</a></p>
<h3 id="m10">Page_Test.Home_Page_Test#TC012_Verify_Dealer_Locator</h3><table class="result"><tr><th>Exception</th></tr><tr><td><div class="stacktrace">java.lang.NullPointerException: Cannot invoke &quot;org.testng.ITestResult.getStatus()&quot; because &quot;result&quot; is null
	at com.utility.listner.onTestFailure(listner.java:38)
	at com.utility.Base_Utility.Custom_click(Base_Utility.java:247)
	at Page_Test.Home_Page_Test.TC012_Verify_Dealer_Locator(Home_Page_Test.java:103)
	at java.base/java.util.ArrayList.forEach(ArrayList.java:1511)
... Removed 25 stack frames</div></td></tr></table><p class="totop"><a href="#summary">back to summary</a></p>
<h2>My_Profile_Page_Test</h2><h3 id="m11">Page_Test.My_Profile_Page_Test#TC013_Verify_My_Profile</h3><table class="result"><tr><th>Exception</th></tr><tr><td><div class="stacktrace">java.lang.NullPointerException: Cannot invoke &quot;org.testng.ITestResult.getStatus()&quot; because &quot;result&quot; is null
	at com.utility.listner.onTestFailure(listner.java:38)
	at com.utility.Base_Utility.Custom_click(Base_Utility.java:247)
	at Page_Test.My_Profile_Page_Test.TC013_Verify_My_Profile(My_Profile_Page_Test.java:21)
	at java.base/java.util.ArrayList.forEach(ArrayList.java:1511)
... Removed 25 stack frames</div></td></tr></table><p class="totop"><a href="#summary">back to summary</a></p>
</body>
</html>
