<!DOCTYPE html>

<html>
  <head>
  <meta charset='utf-8'>
  <title>TestNG reports</title>

    <link type="text/css" href="testng-reports1.css" rel="stylesheet" id="ultra" />
    <link type="text/css" href="testng-reports.css" rel="stylesheet" id="retro" disabled="false"/>
    <script type="text/javascript" src="jquery.min.js"></script>
    <script type="text/javascript" src="testng-reports.js"></script>
    <script type="text/javascript" src="https://www.google.com/jsapi"></script>
    <script type='text/javascript'>
      google.load('visualization', '1', {packages:['table']});
      google.setOnLoadCallback(drawTable);
      var suiteTableInitFunctions = new Array();
      var suiteTableData = new Array();
    </script>
    <!--
      <script type="text/javascript" src="jquery-ui/js/jquery-ui-1.8.16.custom.min.js"></script>
     -->
  </head>

  <body>
    <div class="top-banner-root">
      <span class="top-banner-title-font">Test results</span>
      <button id="button" class="button">Switch Retro Theme</button> <!-- button -->
      <br/>
      <span class="top-banner-font-1">1 suite, 9 failed tests</span>
    </div> <!-- top-banner-root -->
    <div class="navigator-root">
      <div class="navigator-suite-header">
        <span>All suites</span>
        <a href="#" title="Collapse/expand all the suites" class="collapse-all-link">
          <img src="collapseall.gif" class="collapse-all-icon">
          </img> <!-- collapse-all-icon -->
        </a> <!-- collapse-all-link -->
      </div> <!-- navigator-suite-header -->
      <div class="suite">
        <div class="rounded-window">
          <div class="suite-header light-rounded-window-top">
            <a href="#" panel-name="suite-Hero_App" class="navigator-link">
              <span class="suite-name border-failed">Hero_App</span>
            </a> <!-- navigator-link -->
          </div> <!-- suite-header light-rounded-window-top -->
          <div class="navigator-suite-content">
            <div class="suite-section-title">
              <span>Info</span>
            </div> <!-- suite-section-title -->
            <div class="suite-section-content">
              <ul>
                <li>
                  <a href="#" panel-name="test-xml-Hero_App" class="navigator-link ">
                    <span>C:\Users\Welcome\Documents\GitHub\Hero_App\testng.xml</span>
                  </a> <!-- navigator-link  -->
                </li>
                <li>
                  <a href="#" panel-name="testlist-Hero_App" class="navigator-link ">
                    <span class="test-stats">4 tests</span>
                  </a> <!-- navigator-link  -->
                </li>
                <li>
                  <a href="#" panel-name="group-Hero_App" class="navigator-link ">
                    <span>0 groups</span>
                  </a> <!-- navigator-link  -->
                </li>
                <li>
                  <a href="#" panel-name="times-Hero_App" class="navigator-link ">
                    <span>Times</span>
                  </a> <!-- navigator-link  -->
                </li>
                <li>
                  <a href="#" panel-name="reporter-Hero_App" class="navigator-link ">
                    <span>Reporter output</span>
                  </a> <!-- navigator-link  -->
                </li>
                <li>
                  <a href="#" panel-name="ignored-methods-Hero_App" class="navigator-link ">
                    <span>Ignored methods</span>
                  </a> <!-- navigator-link  -->
                </li>
                <li>
                  <a href="#" panel-name="chronological-Hero_App" class="navigator-link ">
                    <span>Chronological view</span>
                  </a> <!-- navigator-link  -->
                </li>
              </ul>
            </div> <!-- suite-section-content -->
            <div class="result-section">
              <div class="suite-section-title">
                <span>Results</span>
              </div> <!-- suite-section-title -->
              <div class="suite-section-content">
                <ul>
                  <li>
                    <span class="method-stats">12 methods, 9 failed,   3 passed</span>
                  </li>
                  <li>
                    <span class="method-list-title failed">Failed methods</span>
                    <span class="show-or-hide-methods failed">
                      <a href="#" panel-name="suite-Hero_App" class="hide-methods failed suite-Hero_App"> (hide)</a> <!-- hide-methods failed suite-Hero_App -->
                      <a href="#" panel-name="suite-Hero_App" class="show-methods failed suite-Hero_App"> (show)</a> <!-- show-methods failed suite-Hero_App -->
                    </span>
                    <div class="method-list-content failed suite-Hero_App">
                      <span>
                        <img src="failed.png" width="3%"/>
                        <a href="#" panel-name="suite-Hero_App" title="Page_Test.Select_Vehicle_Page_Test" class="method navigator-link" hash-for-method="TC004_verify_Nick_Name">TC004_verify_Nick_Name</a> <!-- method navigator-link -->
                      </span>
                      <br/>
                      <span>
                        <img src="failed.png" width="3%"/>
                        <a href="#" panel-name="suite-Hero_App" title="Page_Test.Select_Vehicle_Page_Test" class="method navigator-link" hash-for-method="TC005_Select_Vehicle">TC005_Select_Vehicle</a> <!-- method navigator-link -->
                      </span>
                      <br/>
                      <span>
                        <img src="failed.png" width="3%"/>
                        <a href="#" panel-name="suite-Hero_App" title="Page_Test.Home_Page_Test" class="method navigator-link" hash-for-method="TC006_Home_page_verify">TC006_Home_page_verify</a> <!-- method navigator-link -->
                      </span>
                      <br/>
                      <span>
                        <img src="failed.png" width="3%"/>
                        <a href="#" panel-name="suite-Hero_App" title="Page_Test.Home_Page_Test" class="method navigator-link" hash-for-method="TC008_Verify_Documents">TC008_Verify_Documents</a> <!-- method navigator-link -->
                      </span>
                      <br/>
                      <span>
                        <img src="failed.png" width="3%"/>
                        <a href="#" panel-name="suite-Hero_App" title="Page_Test.Home_Page_Test" class="method navigator-link" hash-for-method="TC009_Verify_Relationship_Manager">TC009_Verify_Relationship_Manager</a> <!-- method navigator-link -->
                      </span>
                      <br/>
                      <span>
                        <img src="failed.png" width="3%"/>
                        <a href="#" panel-name="suite-Hero_App" title="Page_Test.Home_Page_Test" class="method navigator-link" hash-for-method="TC010_Verify_RSA">TC010_Verify_RSA</a> <!-- method navigator-link -->
                      </span>
                      <br/>
                      <span>
                        <img src="failed.png" width="3%"/>
                        <a href="#" panel-name="suite-Hero_App" title="Page_Test.Home_Page_Test" class="method navigator-link" hash-for-method="TC011_Verify_Technical_Support_Manager">TC011_Verify_Technical_Support_Manager</a> <!-- method navigator-link -->
                      </span>
                      <br/>
                      <span>
                        <img src="failed.png" width="3%"/>
                        <a href="#" panel-name="suite-Hero_App" title="Page_Test.Home_Page_Test" class="method navigator-link" hash-for-method="TC012_Verify_Dealer_Locator">TC012_Verify_Dealer_Locator</a> <!-- method navigator-link -->
                      </span>
                      <br/>
                      <span>
                        <img src="failed.png" width="3%"/>
                        <a href="#" panel-name="suite-Hero_App" title="Page_Test.My_Profile_Page_Test" class="method navigator-link" hash-for-method="TC013_Verify_My_Profile">TC013_Verify_My_Profile</a> <!-- method navigator-link -->
                      </span>
                      <br/>
                    </div> <!-- method-list-content failed suite-Hero_App -->
                  </li>
                  <li>
                    <span class="method-list-title passed">Passed methods</span>
                    <span class="show-or-hide-methods passed">
                      <a href="#" panel-name="suite-Hero_App" class="hide-methods passed suite-Hero_App"> (hide)</a> <!-- hide-methods passed suite-Hero_App -->
                      <a href="#" panel-name="suite-Hero_App" class="show-methods passed suite-Hero_App"> (show)</a> <!-- show-methods passed suite-Hero_App -->
                    </span>
                    <div class="method-list-content passed suite-Hero_App">
                      <span>
                        <img src="passed.png" width="3%"/>
                        <a href="#" panel-name="suite-Hero_App" title="Page_Test.Login_Page_Test" class="method navigator-link" hash-for-method="TC001_Verify_Login_with_Invalid_credential">TC001_Verify_Login_with_Invalid_credential</a> <!-- method navigator-link -->
                      </span>
                      <br/>
                      <span>
                        <img src="passed.png" width="3%"/>
                        <a href="#" panel-name="suite-Hero_App" title="Page_Test.Login_Page_Test" class="method navigator-link" hash-for-method="TC002_Verify_Login_with_short_length_of_mobile_number_credential">TC002_Verify_Login_with_short_length_of_mobile_number_credential</a> <!-- method navigator-link -->
                      </span>
                      <br/>
                      <span>
                        <img src="passed.png" width="3%"/>
                        <a href="#" panel-name="suite-Hero_App" title="Page_Test.Login_Page_Test" class="method navigator-link" hash-for-method="TC003_Verify_Login_with_valid_credential">TC003_Verify_Login_with_valid_credential</a> <!-- method navigator-link -->
                      </span>
                      <br/>
                    </div> <!-- method-list-content passed suite-Hero_App -->
                  </li>
                </ul>
              </div> <!-- suite-section-content -->
            </div> <!-- result-section -->
          </div> <!-- navigator-suite-content -->
        </div> <!-- rounded-window -->
      </div> <!-- suite -->
    </div> <!-- navigator-root -->
    <div class="wrapper">
      <div class="main-panel-root">
        <div panel-name="suite-Hero_App" class="panel Hero_App">
          <div class="suite-Hero_App-class-failed">
            <div class="main-panel-header rounded-window-top">
              <img src="failed.png"/>
              <span class="class-name">Page_Test.Home_Page_Test</span>
            </div> <!-- main-panel-header rounded-window-top -->
            <div class="main-panel-content rounded-window-bottom">
              <div class="method">
                <div class="method-content">
                  <a name="TC006_Home_page_verify">
                  </a> <!-- TC006_Home_page_verify -->
                  <span class="method-name">TC006_Home_page_verify</span>
                  <div class="stack-trace">org.openqa.selenium.NoSuchElementException: An element could not be located on the page using the given search parameters.
For documentation on this error, please visit: https://selenium.dev/exceptions/#no_such_element
Build info: version: &apos;4.6.0&apos;, revision: &apos;79f1c02ae20&apos;
System info: os.name: &apos;Windows 11&apos;, os.arch: &apos;amd64&apos;, os.version: &apos;10.0&apos;, java.version: &apos;19.0.1&apos;
Driver info: io.appium.java_client.android.AndroidDriver
Command: [33dcfece-d304-428d-8507-5169a4600b55, findElement {using=xpath, value=//android.widget.TextView[@resource-id =&apos;com.customerapp.hero:id/weather_lbl&apos;]}]
Capabilities {appium:app: C:\Users\Welcome\Documents\..., appium:appPackage: com.customerapp.hero, appium:automationName: uiautomator2, appium:avdLaunchTimeout: 600000, appium:databaseEnabled: false, appium:desired: {app: C:\Users\Welcome\Documents\..., automationName: uiautomator2, avdLaunchTimeout: 600000, deviceName: Pixel_6_API_31, platformName: android, udid: emulator-5554}, appium:deviceApiLevel: 31, appium:deviceManufacturer: Google, appium:deviceModel: sdk_gphone64_x86_64, appium:deviceName: emulator-5554, appium:deviceScreenDensity: 420, appium:deviceScreenSize: 1080x2400, appium:deviceUDID: emulator-5554, appium:javascriptEnabled: true, appium:locationContextEnabled: false, appium:networkConnectionEnabled: true, appium:pixelRatio: 2.625, appium:platformVersion: 12, appium:statBarHeight: 63, appium:takesScreenshot: true, appium:udid: emulator-5554, appium:viewportRect: {height: 2211, left: 0, top: 63, width: 1080}, appium:warnings: {}, appium:webStorageEnabled: false, platformName: ANDROID}
Session ID: 33dcfece-d304-428d-8507-5169a4600b55
	at org.openqa.selenium.remote.codec.w3c.W3CHttpResponseCodec.createException(W3CHttpResponseCodec.java:200)
	at org.openqa.selenium.remote.codec.w3c.W3CHttpResponseCodec.decode(W3CHttpResponseCodec.java:133)
	at org.openqa.selenium.remote.codec.w3c.W3CHttpResponseCodec.decode(W3CHttpResponseCodec.java:53)
	at org.openqa.selenium.remote.HttpCommandExecutor.execute(HttpCommandExecutor.java:184)
	at io.appium.java_client.remote.AppiumCommandExecutor.execute(AppiumCommandExecutor.java:262)
	at org.openqa.selenium.remote.RemoteWebDriver.execute(RemoteWebDriver.java:541)
	at org.openqa.selenium.remote.ElementLocation$ElementFinder$2.findElement(ElementLocation.java:162)
	at org.openqa.selenium.remote.ElementLocation.findElement(ElementLocation.java:60)
	at org.openqa.selenium.remote.RemoteWebDriver.findElement(RemoteWebDriver.java:365)
	at org.openqa.selenium.remote.RemoteWebDriver.findElement(RemoteWebDriver.java:357)
	at org.openqa.selenium.support.pagefactory.DefaultElementLocator.findElement(DefaultElementLocator.java:70)
	at org.openqa.selenium.support.pagefactory.internal.LocatingElementHandler.invoke(LocatingElementHandler.java:39)
	at jdk.proxy2/jdk.proxy2.$Proxy32.getText(Unknown Source)
	at Page_Test.Home_Page_Test.TC006_Home_page_verify(Home_Page_Test.java:26)
	at java.base/java.util.ArrayList.forEach(ArrayList.java:1511)
... Removed 28 stack frames
</div> <!-- stack-trace -->
                </div> <!-- method-content -->
              </div> <!-- method -->
              <div class="method">
                <div class="method-content">
                  <a name="TC008_Verify_Documents">
                  </a> <!-- TC008_Verify_Documents -->
                  <span class="method-name">TC008_Verify_Documents</span>
                  <div class="stack-trace">java.lang.NullPointerException: Cannot invoke &quot;org.testng.ITestResult.getStatus()&quot; because &quot;result&quot; is null
	at com.utility.listner.onTestFailure(listner.java:38)
	at com.utility.Base_Utility.Custom_click(Base_Utility.java:247)
	at Page_Test.Home_Page_Test.TC008_Verify_Documents(Home_Page_Test.java:60)
	at java.base/java.util.ArrayList.forEach(ArrayList.java:1511)
... Removed 25 stack frames
</div> <!-- stack-trace -->
                </div> <!-- method-content -->
              </div> <!-- method -->
              <div class="method">
                <div class="method-content">
                  <a name="TC009_Verify_Relationship_Manager">
                  </a> <!-- TC009_Verify_Relationship_Manager -->
                  <span class="method-name">TC009_Verify_Relationship_Manager</span>
                  <div class="stack-trace">java.lang.NullPointerException: Cannot invoke &quot;org.testng.ITestResult.getStatus()&quot; because &quot;result&quot; is null
	at com.utility.listner.onTestFailure(listner.java:38)
	at com.utility.Base_Utility.Custom_click(Base_Utility.java:247)
	at Page_Test.Home_Page_Test.TC009_Verify_Relationship_Manager(Home_Page_Test.java:71)
	at java.base/java.util.ArrayList.forEach(ArrayList.java:1511)
... Removed 25 stack frames
</div> <!-- stack-trace -->
                </div> <!-- method-content -->
              </div> <!-- method -->
              <div class="method">
                <div class="method-content">
                  <a name="TC010_Verify_RSA">
                  </a> <!-- TC010_Verify_RSA -->
                  <span class="method-name">TC010_Verify_RSA</span>
                  <div class="stack-trace">java.lang.NullPointerException: Cannot invoke &quot;org.testng.ITestResult.getStatus()&quot; because &quot;result&quot; is null
	at com.utility.listner.onTestFailure(listner.java:38)
	at com.utility.Base_Utility.Custom_click(Base_Utility.java:247)
	at Page_Test.Home_Page_Test.TC010_Verify_RSA(Home_Page_Test.java:83)
	at java.base/java.util.ArrayList.forEach(ArrayList.java:1511)
... Removed 25 stack frames
</div> <!-- stack-trace -->
                </div> <!-- method-content -->
              </div> <!-- method -->
              <div class="method">
                <div class="method-content">
                  <a name="TC011_Verify_Technical_Support_Manager">
                  </a> <!-- TC011_Verify_Technical_Support_Manager -->
                  <span class="method-name">TC011_Verify_Technical_Support_Manager</span>
                  <div class="stack-trace">java.lang.NullPointerException: Cannot invoke &quot;org.testng.ITestResult.getStatus()&quot; because &quot;result&quot; is null
	at com.utility.listner.onTestFailure(listner.java:38)
	at com.utility.Base_Utility.Custom_click(Base_Utility.java:247)
	at Page_Test.Home_Page_Test.TC011_Verify_Technical_Support_Manager(Home_Page_Test.java:90)
	at java.base/java.util.ArrayList.forEach(ArrayList.java:1511)
... Removed 25 stack frames
</div> <!-- stack-trace -->
                </div> <!-- method-content -->
              </div> <!-- method -->
              <div class="method">
                <div class="method-content">
                  <a name="TC012_Verify_Dealer_Locator">
                  </a> <!-- TC012_Verify_Dealer_Locator -->
                  <span class="method-name">TC012_Verify_Dealer_Locator</span>
                  <div class="stack-trace">java.lang.NullPointerException: Cannot invoke &quot;org.testng.ITestResult.getStatus()&quot; because &quot;result&quot; is null
	at com.utility.listner.onTestFailure(listner.java:38)
	at com.utility.Base_Utility.Custom_click(Base_Utility.java:247)
	at Page_Test.Home_Page_Test.TC012_Verify_Dealer_Locator(Home_Page_Test.java:103)
	at java.base/java.util.ArrayList.forEach(ArrayList.java:1511)
... Removed 25 stack frames
</div> <!-- stack-trace -->
                </div> <!-- method-content -->
              </div> <!-- method -->
            </div> <!-- main-panel-content rounded-window-bottom -->
          </div> <!-- suite-Hero_App-class-failed -->
          <div class="suite-Hero_App-class-failed">
            <div class="main-panel-header rounded-window-top">
              <img src="failed.png"/>
              <span class="class-name">Page_Test.Select_Vehicle_Page_Test</span>
            </div> <!-- main-panel-header rounded-window-top -->
            <div class="main-panel-content rounded-window-bottom">
              <div class="method">
                <div class="method-content">
                  <a name="TC004_verify_Nick_Name">
                  </a> <!-- TC004_verify_Nick_Name -->
                  <span class="method-name">TC004_verify_Nick_Name</span>
                  <div class="stack-trace">java.lang.NullPointerException: Cannot invoke &quot;org.testng.ITestResult.getStatus()&quot; because &quot;result&quot; is null
	at com.utility.listner.onTestFailure(listner.java:38)
	at com.utility.Base_Utility.Custom_click(Base_Utility.java:247)
	at Page_Test.Select_Vehicle_Page_Test.TC004_verify_Nick_Name(Select_Vehicle_Page_Test.java:28)
	at java.base/java.util.ArrayList.forEach(ArrayList.java:1511)
... Removed 25 stack frames
</div> <!-- stack-trace -->
                </div> <!-- method-content -->
              </div> <!-- method -->
              <div class="method">
                <div class="method-content">
                  <a name="TC005_Select_Vehicle">
                  </a> <!-- TC005_Select_Vehicle -->
                  <span class="method-name">TC005_Select_Vehicle</span>
                  <div class="stack-trace">java.lang.NullPointerException: Cannot invoke &quot;org.testng.ITestResult.getStatus()&quot; because &quot;result&quot; is null
	at com.utility.listner.onTestFailure(listner.java:38)
	at com.utility.Base_Utility.VerifyElementPresent(Base_Utility.java:338)
	at Page_Test.Select_Vehicle_Page_Test.TC005_Select_Vehicle(Select_Vehicle_Page_Test.java:86)
	at java.base/java.util.ArrayList.forEach(ArrayList.java:1511)
... Removed 25 stack frames
</div> <!-- stack-trace -->
                </div> <!-- method-content -->
              </div> <!-- method -->
            </div> <!-- main-panel-content rounded-window-bottom -->
          </div> <!-- suite-Hero_App-class-failed -->
          <div class="suite-Hero_App-class-failed">
            <div class="main-panel-header rounded-window-top">
              <img src="failed.png"/>
              <span class="class-name">Page_Test.My_Profile_Page_Test</span>
            </div> <!-- main-panel-header rounded-window-top -->
            <div class="main-panel-content rounded-window-bottom">
              <div class="method">
                <div class="method-content">
                  <a name="TC013_Verify_My_Profile">
                  </a> <!-- TC013_Verify_My_Profile -->
                  <span class="method-name">TC013_Verify_My_Profile</span>
                  <div class="stack-trace">java.lang.NullPointerException: Cannot invoke &quot;org.testng.ITestResult.getStatus()&quot; because &quot;result&quot; is null
	at com.utility.listner.onTestFailure(listner.java:38)
	at com.utility.Base_Utility.Custom_click(Base_Utility.java:247)
	at Page_Test.My_Profile_Page_Test.TC013_Verify_My_Profile(My_Profile_Page_Test.java:21)
	at java.base/java.util.ArrayList.forEach(ArrayList.java:1511)
... Removed 25 stack frames
</div> <!-- stack-trace -->
                </div> <!-- method-content -->
              </div> <!-- method -->
            </div> <!-- main-panel-content rounded-window-bottom -->
          </div> <!-- suite-Hero_App-class-failed -->
          <div class="suite-Hero_App-class-passed">
            <div class="main-panel-header rounded-window-top">
              <img src="passed.png"/>
              <span class="class-name">Page_Test.Login_Page_Test</span>
            </div> <!-- main-panel-header rounded-window-top -->
            <div class="main-panel-content rounded-window-bottom">
              <div class="method">
                <div class="method-content">
                  <a name="TC001_Verify_Login_with_Invalid_credential">
                  </a> <!-- TC001_Verify_Login_with_Invalid_credential -->
                  <span class="method-name">TC001_Verify_Login_with_Invalid_credential</span>
                </div> <!-- method-content -->
              </div> <!-- method -->
              <div class="method">
                <div class="method-content">
                  <a name="TC002_Verify_Login_with_short_length_of_mobile_number_credential">
                  </a> <!-- TC002_Verify_Login_with_short_length_of_mobile_number_credential -->
                  <span class="method-name">TC002_Verify_Login_with_short_length_of_mobile_number_credential</span>
                </div> <!-- method-content -->
              </div> <!-- method -->
              <div class="method">
                <div class="method-content">
                  <a name="TC003_Verify_Login_with_valid_credential">
                  </a> <!-- TC003_Verify_Login_with_valid_credential -->
                  <span class="method-name">TC003_Verify_Login_with_valid_credential</span>
                </div> <!-- method-content -->
              </div> <!-- method -->
            </div> <!-- main-panel-content rounded-window-bottom -->
          </div> <!-- suite-Hero_App-class-passed -->
        </div> <!-- panel Hero_App -->
        <div panel-name="test-xml-Hero_App" class="panel">
          <div class="main-panel-header rounded-window-top">
            <span class="header-content">C:\Users\Welcome\Documents\GitHub\Hero_App\testng.xml</span>
          </div> <!-- main-panel-header rounded-window-top -->
          <div class="main-panel-content rounded-window-bottom">
            <pre>
&lt;?xml version=&quot;1.0&quot; encoding=&quot;UTF-8&quot;?&gt;
&lt;!DOCTYPE suite SYSTEM &quot;https://testng.org/testng-1.0.dtd&quot;&gt;
&lt;suite name=&quot;Hero_App&quot; guice-stage=&quot;DEVELOPMENT&quot;&gt;
  &lt;test thread-count=&quot;5&quot; name=&quot;Login_page&quot;&gt;
    &lt;classes&gt;
      &lt;class name=&quot;Page_Test.Login_Page_Test&quot;/&gt;
    &lt;/classes&gt;
  &lt;/test&gt; &lt;!-- Login_page --&gt;
  &lt;test thread-count=&quot;5&quot; name=&quot;Select_Vehicle_Page&quot;&gt;
    &lt;classes&gt;
      &lt;class name=&quot;Page_Test.Select_Vehicle_Page_Test&quot;/&gt;
    &lt;/classes&gt;
  &lt;/test&gt; &lt;!-- Select_Vehicle_Page --&gt;
  &lt;test thread-count=&quot;5&quot; name=&quot;Home_Page_Test&quot;&gt;
    &lt;classes&gt;
      &lt;class name=&quot;Page_Test.Home_Page_Test&quot;/&gt;
    &lt;/classes&gt;
  &lt;/test&gt; &lt;!-- Home_Page_Test --&gt;
  &lt;test thread-count=&quot;5&quot; name=&quot;My_Profile_Page_Test&quot;&gt;
    &lt;classes&gt;
      &lt;class name=&quot;Page_Test.My_Profile_Page_Test&quot;/&gt;
    &lt;/classes&gt;
  &lt;/test&gt; &lt;!-- My_Profile_Page_Test --&gt;
&lt;/suite&gt; &lt;!-- Hero_App --&gt;
            </pre>
          </div> <!-- main-panel-content rounded-window-bottom -->
        </div> <!-- panel -->
        <div panel-name="testlist-Hero_App" class="panel">
          <div class="main-panel-header rounded-window-top">
            <span class="header-content">Tests for Hero_App</span>
          </div> <!-- main-panel-header rounded-window-top -->
          <div class="main-panel-content rounded-window-bottom">
            <ul>
              <li>
                <span class="test-name">Login_page (1 class)</span>
              </li>
              <li>
                <span class="test-name">Select_Vehicle_Page (1 class)</span>
              </li>
              <li>
                <span class="test-name">Home_Page_Test (1 class)</span>
              </li>
              <li>
                <span class="test-name">My_Profile_Page_Test (1 class)</span>
              </li>
            </ul>
          </div> <!-- main-panel-content rounded-window-bottom -->
        </div> <!-- panel -->
        <div panel-name="group-Hero_App" class="panel">
          <div class="main-panel-header rounded-window-top">
            <span class="header-content">Groups for Hero_App</span>
          </div> <!-- main-panel-header rounded-window-top -->
          <div class="main-panel-content rounded-window-bottom">
          </div> <!-- main-panel-content rounded-window-bottom -->
        </div> <!-- panel -->
        <div panel-name="times-Hero_App" class="panel">
          <div class="main-panel-header rounded-window-top">
            <span class="header-content">Times for Hero_App</span>
          </div> <!-- main-panel-header rounded-window-top -->
          <div class="main-panel-content rounded-window-bottom">
            <div class="times-div">
              <script type="text/javascript">
suiteTableInitFunctions.push('tableData_Hero_App');
function tableData_Hero_App() {
var data = new google.visualization.DataTable();
data.addColumn('number', 'Number');
data.addColumn('string', 'Method');
data.addColumn('string', 'Class');
data.addColumn('number', 'Time (ms)');
data.addRows(12);
data.setCell(0, 0, 0)
data.setCell(0, 1, 'TC004_verify_Nick_Name')
data.setCell(0, 2, 'Page_Test.Select_Vehicle_Page_Test')
data.setCell(0, 3, 159930);
data.setCell(1, 0, 1)
data.setCell(1, 1, 'TC006_Home_page_verify')
data.setCell(1, 2, 'Page_Test.Home_Page_Test')
data.setCell(1, 3, 143562);
data.setCell(2, 0, 2)
data.setCell(2, 1, 'TC013_Verify_My_Profile')
data.setCell(2, 2, 'Page_Test.My_Profile_Page_Test')
data.setCell(2, 3, 110712);
data.setCell(3, 0, 3)
data.setCell(3, 1, 'TC003_Verify_Login_with_valid_credential')
data.setCell(3, 2, 'Page_Test.Login_Page_Test')
data.setCell(3, 3, 99778);
data.setCell(4, 0, 4)
data.setCell(4, 1, 'TC009_Verify_Relationship_Manager')
data.setCell(4, 2, 'Page_Test.Home_Page_Test')
data.setCell(4, 3, 42070);
data.setCell(5, 0, 5)
data.setCell(5, 1, 'TC011_Verify_Technical_Support_Manager')
data.setCell(5, 2, 'Page_Test.Home_Page_Test')
data.setCell(5, 3, 40537);
data.setCell(6, 0, 6)
data.setCell(6, 1, 'TC010_Verify_RSA')
data.setCell(6, 2, 'Page_Test.Home_Page_Test')
data.setCell(6, 3, 40131);
data.setCell(7, 0, 7)
data.setCell(7, 1, 'TC012_Verify_Dealer_Locator')
data.setCell(7, 2, 'Page_Test.Home_Page_Test')
data.setCell(7, 3, 40103);
data.setCell(8, 0, 8)
data.setCell(8, 1, 'TC005_Select_Vehicle')
data.setCell(8, 2, 'Page_Test.Select_Vehicle_Page_Test')
data.setCell(8, 3, 40028);
data.setCell(9, 0, 9)
data.setCell(9, 1, 'TC008_Verify_Documents')
data.setCell(9, 2, 'Page_Test.Home_Page_Test')
data.setCell(9, 3, 40024);
data.setCell(10, 0, 10)
data.setCell(10, 1, 'TC002_Verify_Login_with_short_length_of_mobile_number_credential')
data.setCell(10, 2, 'Page_Test.Login_Page_Test')
data.setCell(10, 3, 36077);
data.setCell(11, 0, 11)
data.setCell(11, 1, 'TC001_Verify_Login_with_Invalid_credential')
data.setCell(11, 2, 'Page_Test.Login_Page_Test')
data.setCell(11, 3, 13705);
window.suiteTableData['Hero_App']= { tableData: data, tableDiv: 'times-div-Hero_App'}
return data;
}
              </script>
              <span class="suite-total-time">Total running time: 13 minutes</span>
              <div id="times-div-Hero_App">
              </div> <!-- times-div-Hero_App -->
            </div> <!-- times-div -->
          </div> <!-- main-panel-content rounded-window-bottom -->
        </div> <!-- panel -->
        <div panel-name="reporter-Hero_App" class="panel">
          <div class="main-panel-header rounded-window-top">
            <span class="header-content">Reporter output for Hero_App</span>
          </div> <!-- main-panel-header rounded-window-top -->
          <div class="main-panel-content rounded-window-bottom">
          </div> <!-- main-panel-content rounded-window-bottom -->
        </div> <!-- panel -->
        <div panel-name="ignored-methods-Hero_App" class="panel">
          <div class="main-panel-header rounded-window-top">
            <span class="header-content">0 ignored methods</span>
          </div> <!-- main-panel-header rounded-window-top -->
          <div class="main-panel-content rounded-window-bottom">
          </div> <!-- main-panel-content rounded-window-bottom -->
        </div> <!-- panel -->
        <div panel-name="chronological-Hero_App" class="panel">
          <div class="main-panel-header rounded-window-top">
            <span class="header-content">Methods in chronological order</span>
          </div> <!-- main-panel-header rounded-window-top -->
          <div class="main-panel-content rounded-window-bottom">
            <div class="chronological-class">
              <div class="chronological-class-name">Page_Test.Login_Page_Test</div> <!-- chronological-class-name -->
              <div class="configuration-test before">
                <span class="method-name">OPEN_AND_INSTALL_APP</span>
                <span class="method-start">0 ms</span>
              </div> <!-- configuration-test before -->
              <div class="test-method">
                <span class="method-name">TC001_Verify_Login_with_Invalid_credential</span>
                <span class="method-start">19694 ms</span>
              </div> <!-- test-method -->
              <div class="test-method">
                <span class="method-name">TC002_Verify_Login_with_short_length_of_mobile_number_credential</span>
                <span class="method-start">33403 ms</span>
              </div> <!-- test-method -->
              <div class="test-method">
                <span class="method-name">TC003_Verify_Login_with_valid_credential</span>
                <span class="method-start">69482 ms</span>
              </div> <!-- test-method -->
            </div> <!-- chronological-class -->
            <div class="chronological-class">
              <div class="chronological-class-name">Page_Test.Select_Vehicle_Page_Test</div> <!-- chronological-class-name -->
              <div class="configuration-test before">
                <span class="method-name">OPEN_AND_INSTALL_APP</span>
                <span class="method-start">170019 ms</span>
              </div> <!-- configuration-test before -->
              <div class="test-method">
                <img src="failed.png">
                </img>
                <span class="method-name">TC004_verify_Nick_Name</span>
                <span class="method-start">190485 ms</span>
              </div> <!-- test-method -->
              <div class="test-method">
                <img src="failed.png">
                </img>
                <span class="method-name">TC005_Select_Vehicle</span>
                <span class="method-start">350961 ms</span>
              </div> <!-- test-method -->
            </div> <!-- chronological-class -->
            <div class="chronological-class">
              <div class="chronological-class-name">Page_Test.Home_Page_Test</div> <!-- chronological-class-name -->
              <div class="configuration-test before">
                <span class="method-name">OPEN_AND_INSTALL_APP</span>
                <span class="method-start">391863 ms</span>
              </div> <!-- configuration-test before -->
              <div class="test-method">
                <img src="failed.png">
                </img>
                <span class="method-name">TC006_Home_page_verify</span>
                <span class="method-start">410807 ms</span>
              </div> <!-- test-method -->
              <div class="test-method">
                <img src="failed.png">
                </img>
                <span class="method-name">TC008_Verify_Documents</span>
                <span class="method-start">555097 ms</span>
              </div> <!-- test-method -->
              <div class="test-method">
                <img src="failed.png">
                </img>
                <span class="method-name">TC009_Verify_Relationship_Manager</span>
                <span class="method-start">595726 ms</span>
              </div> <!-- test-method -->
              <div class="test-method">
                <img src="failed.png">
                </img>
                <span class="method-name">TC010_Verify_RSA</span>
                <span class="method-start">638358 ms</span>
              </div> <!-- test-method -->
              <div class="test-method">
                <img src="failed.png">
                </img>
                <span class="method-name">TC011_Verify_Technical_Support_Manager</span>
                <span class="method-start">679169 ms</span>
              </div> <!-- test-method -->
              <div class="test-method">
                <img src="failed.png">
                </img>
                <span class="method-name">TC012_Verify_Dealer_Locator</span>
                <span class="method-start">720341 ms</span>
              </div> <!-- test-method -->
            </div> <!-- chronological-class -->
            <div class="chronological-class">
              <div class="chronological-class-name">Page_Test.My_Profile_Page_Test</div> <!-- chronological-class-name -->
              <div class="configuration-test before">
                <span class="method-name">OPEN_AND_INSTALL_APP</span>
                <span class="method-start">761195 ms</span>
              </div> <!-- configuration-test before -->
              <div class="test-method">
                <img src="failed.png">
                </img>
                <span class="method-name">TC013_Verify_My_Profile</span>
                <span class="method-start">779973 ms</span>
              </div> <!-- test-method -->
          </div> <!-- main-panel-content rounded-window-bottom -->
        </div> <!-- panel -->
      </div> <!-- main-panel-root -->
    </div> <!-- wrapper -->
  </body>
<script type="text/javascript" src="testng-reports2.js"></script>
</html>
